Job ID: 7744
Node: geog-hpc-compute1
Project dir: /geogfs1/home/u3666068/BuildingWorld
Processed root: /geogfs1/groups/hkurs/u3666068mgh/Tallin/bwformer_trainval_256
Train list: /geogfs1/groups/hkurs/u3666068mgh/Tallin/bwformer_trainval_256/train_list.txt
Validation list: /geogfs1/groups/hkurs/u3666068mgh/Tallin/bwformer_trainval_256/valid_list.txt
Output dir: /geogfs1/groups/hkurs/u3666068mgh/Tallin/checkpoints/tallin_roof_prior_scratch
TensorBoard root: /geogfs1/groups/hkurs/u3666068mgh/Tallin/tensorboard/tallin_roof_prior_scratch
Run validation: 1
Validation interval: 5
Max train samples: 0
Max validation samples: 500
Sample seed: 42
Resume checkpoint: /geogfs1/groups/hkurs/u3666068mgh/Tallin/checkpoints/tallin_roof_prior_scratch/checkpoint.pth
torch 2.1.0+cu121
cuda 12.1
cuda_available True
gpu_count 1

[train-only] Start training
Resume from ckpt file /geogfs1/groups/hkurs/u3666068mgh/Tallin/checkpoints/tallin_roof_prior_scratch/checkpoint.pth, starting from epoch 54
number of trainable backbone params: 23546752
number of trainable corner params: 9474050
number of trainable corner3d params: 15099576
number of trainable edge params: 13969160
number of trainable roof prior params: 1901441
number of all trainable params: 63990979
Start training
Backbone is trainable at epoch 55
Epoch: [55]  [   0/6889]  eta: 17:21:05  lr: 0.000200  loss: 235.567 (235.567)  loss_e_s1: 30.767 (30.767)  loss_e_s2_hb: 23.989 (23.989)  loss_e_s2_rel: 23.443 (23.443)  edge_acc_s1: 0.504 (0.504)  edge_acc_s2_hb: 0.214 (0.214)  edge_acc_s2_rel: 0.263 (0.263)  loss_3dcenter: 0.017 (0.017)  loss_labels: 0.000 (0.000)  loss_cardinality: 5.000 (5.000)  loss_height: 0.017 (0.017)  loss_x: 0.017 (0.017)  loss_y: 0.021 (0.021)  loss_c_s1: 1763.239 (1763.239)  corner_recall: 0.400 (0.400)  loss_roof_prior: 0.986 (0.986)  time: 9.0674  data: 0.8349  max mem: 6836
Epoch: [55]  [ 200/6889]  eta: 1:29:34  lr: 0.000200  loss: 243.827 (289.935)  loss_e_s1: 27.318 (37.919)  loss_e_s2_hb: 20.856 (23.507)  loss_e_s2_rel: 21.099 (23.488)  edge_acc_s1: 0.603 (0.559)  edge_acc_s2_hb: 0.346 (0.348)  edge_acc_s2_rel: 0.356 (0.354)  loss_3dcenter: 0.010 (0.011)  loss_labels: 0.000 (0.000)  loss_cardinality: 3.750 (5.093)  loss_height: 0.010 (0.011)  loss_x: 0.010 (0.012)  loss_y: 0.011 (0.013)  loss_c_s1: 2377.740 (2790.304)  corner_recall: 0.450 (0.453)  loss_roof_prior: 0.965 (0.969)  time: 0.6992  data: 0.0002  max mem: 24682
Epoch: [55]  [ 400/6889]  eta: 1:21:04  lr: 0.000200  loss: 245.468 (271.031)  loss_e_s1: 25.159 (33.783)  loss_e_s2_hb: 19.558 (22.420)  loss_e_s2_rel: 19.722 (22.363)  edge_acc_s1: 0.630 (0.584)  edge_acc_s2_hb: 0.363 (0.352)  edge_acc_s2_rel: 0.376 (0.356)  loss_3dcenter: 0.011 (0.011)  loss_labels: 0.000 (0.000)  loss_cardinality: 3.250 (4.688)  loss_height: 0.011 (0.011)  loss_x: 0.010 (0.012)  loss_y: 0.011 (0.012)  loss_c_s1: 2368.217 (2686.690)  corner_recall: 0.432 (0.447)  loss_roof_prior: 0.955 (0.961)  time: 0.6854  data: 0.0003  max mem: 24682
Epoch: [55]  [ 600/6889]  eta: 1:16:04  lr: 0.000200  loss: 244.015 (261.703)  loss_e_s1: 27.831 (31.928)  loss_e_s2_hb: 21.772 (21.835)  loss_e_s2_rel: 21.601 (21.789)  edge_acc_s1: 0.588 (0.593)  edge_acc_s2_hb: 0.345 (0.358)  edge_acc_s2_rel: 0.351 (0.362)  loss_3dcenter: 0.011 (0.011)  loss_labels: 0.000 (0.000)  loss_cardinality: 3.750 (4.491)  loss_height: 0.011 (0.011)  loss_x: 0.011 (0.012)  loss_y: 0.011 (0.012)  loss_c_s1: 2398.799 (2629.526)  corner_recall: 0.460 (0.453)  loss_roof_prior: 0.959 (0.958)  time: 0.6837  data: 0.0002  max mem: 24682
Epoch: [55]  [ 800/6889]  eta: 1:12:59  lr: 0.000200  loss: 250.125 (260.466)  loss_e_s1: 31.943 (31.261)  loss_e_s2_hb: 23.235 (21.917)  loss_e_s2_rel: 22.765 (21.865)  edge_acc_s1: 0.600 (0.595)  edge_acc_s2_hb: 0.365 (0.359)  edge_acc_s2_rel: 0.341 (0.361)  loss_3dcenter: 0.012 (0.011)  loss_labels: 0.000 (0.000)  loss_cardinality: 4.000 (4.429)  loss_height: 0.012 (0.011)  loss_x: 0.011 (0.012)  loss_y: 0.010 (0.012)  loss_c_s1: 2597.020 (2635.695)  corner_recall: 0.458 (0.455)  loss_roof_prior: 0.963 (0.959)  time: 0.7112  data: 0.0002  max mem: 24682
Epoch: [55]  [1000/6889]  eta: 1:13:23  lr: 0.000200  loss: 254.532 (260.051)  loss_e_s1: 26.691 (30.734)  loss_e_s2_hb: 21.881 (21.835)  loss_e_s2_rel: 21.926 (21.783)  edge_acc_s1: 0.606 (0.598)  edge_acc_s2_hb: 0.334 (0.358)  edge_acc_s2_rel: 0.331 (0.360)  loss_3dcenter: 0.012 (0.012)  loss_labels: 0.000 (0.000)  loss_cardinality: 4.000 (4.425)  loss_height: 0.012 (0.012)  loss_x: 0.010 (0.011)  loss_y: 0.011 (0.012)  loss_c_s1: 2485.332 (2640.759)  corner_recall: 0.415 (0.457)  loss_roof_prior: 0.967 (0.958)  time: 0.8715  data: 0.0002  max mem: 24682
Epoch: [55]  [1200/6889]  eta: 1:13:29  lr: 0.000200  loss: 255.137 (260.920)  loss_e_s1: 31.392 (31.086)  loss_e_s2_hb: 22.051 (21.957)  loss_e_s2_rel: 21.855 (21.897)  edge_acc_s1: 0.564 (0.596)  edge_acc_s2_hb: 0.344 (0.357)  edge_acc_s2_rel: 0.341 (0.358)  loss_3dcenter: 0.012 (0.012)  loss_labels: 0.000 (0.000)  loss_cardinality: 4.250 (4.438)  loss_height: 0.012 (0.012)  loss_x: 0.010 (0.011)  loss_y: 0.011 (0.012)  loss_c_s1: 2469.375 (2633.597)  corner_recall: 0.432 (0.457)  loss_roof_prior: 0.959 (0.959)  time: 0.9064  data: 0.0002  max mem: 24682
Epoch: [55]  [1400/6889]  eta: 1:12:14  lr: 0.000200  loss: 236.960 (259.907)  loss_e_s1: 28.226 (30.856)  loss_e_s2_hb: 22.792 (22.016)  loss_e_s2_rel: 22.736 (21.967)  edge_acc_s1: 0.594 (0.598)  edge_acc_s2_hb: 0.337 (0.355)  edge_acc_s2_rel: 0.324 (0.356)  loss_3dcenter: 0.012 (0.012)  loss_labels: 0.000 (0.000)  loss_cardinality: 3.750 (4.425)  loss_height: 0.012 (0.012)  loss_x: 0.011 (0.011)  loss_y: 0.011 (0.012)  loss_c_s1: 2379.273 (2622.568)  corner_recall: 0.444 (0.456)  loss_roof_prior: 0.968 (0.959)  time: 0.8690  data: 0.0002  max mem: 24682
Epoch: [55]  [1600/6889]  eta: 1:10:41  lr: 0.000200  loss: 243.361 (259.065)  loss_e_s1: 26.872 (30.646)  loss_e_s2_hb: 21.125 (22.001)  loss_e_s2_rel: 21.425 (21.947)  edge_acc_s1: 0.592 (0.598)  edge_acc_s2_hb: 0.323 (0.353)  edge_acc_s2_rel: 0.317 (0.354)  loss_3dcenter: 0.011 (0.012)  loss_labels: 0.000 (0.000)  loss_cardinality: 3.500 (4.390)  loss_height: 0.011 (0.012)  loss_x: 0.011 (0.011)  loss_y: 0.011 (0.012)  loss_c_s1: 2444.591 (2618.835)  corner_recall: 0.462 (0.456)  loss_roof_prior: 0.950 (0.960)  time: 0.8909  data: 0.0003  max mem: 24682
Epoch: [55]  [1800/6889]  eta: 1:08:43  lr: 0.000200  loss: 246.717 (258.554)  loss_e_s1: 27.449 (30.454)  loss_e_s2_hb: 20.918 (21.903)  loss_e_s2_rel: 20.510 (21.848)  edge_acc_s1: 0.626 (0.600)  edge_acc_s2_hb: 0.317 (0.352)  edge_acc_s2_rel: 0.345 (0.353)  loss_3dcenter: 0.011 (0.012)  loss_labels: 0.000 (0.000)  loss_cardinality: 3.500 (4.373)  loss_height: 0.011 (0.012)  loss_x: 0.011 (0.011)  loss_y: 0.011 (0.012)  loss_c_s1: 2611.119 (2623.688)  corner_recall: 0.466 (0.457)  loss_roof_prior: 0.960 (0.960)  time: 0.8824  data: 0.0002  max mem: 24682
Epoch: [55]  [2000/6889]  eta: 1:06:49  lr: 0.000200  loss: 230.373 (258.873)  loss_e_s1: 25.820 (30.645)  loss_e_s2_hb: 21.272 (21.955)  loss_e_s2_rel: 21.607 (21.894)  edge_acc_s1: 0.572 (0.598)  edge_acc_s2_hb: 0.325 (0.352)  edge_acc_s2_rel: 0.331 (0.354)  loss_3dcenter: 0.010 (0.011)  loss_labels: 0.000 (0.000)  loss_cardinality: 3.750 (4.383)  loss_height: 0.010 (0.011)  loss_x: 0.010 (0.011)  loss_y: 0.011 (0.012)  loss_c_s1: 2375.932 (2618.992)  corner_recall: 0.467 (0.458)  loss_roof_prior: 0.961 (0.960)  time: 0.8957  data: 0.0002  max mem: 24682
Epoch: [55]  [2200/6889]  eta: 1:04:42  lr: 0.000200  loss: 217.290 (258.749)  loss_e_s1: 28.689 (30.703)  loss_e_s2_hb: 20.664 (21.969)  loss_e_s2_rel: 20.481 (21.909)  edge_acc_s1: 0.588 (0.596)  edge_acc_s2_hb: 0.317 (0.350)  edge_acc_s2_rel: 0.313 (0.351)  loss_3dcenter: 0.011 (0.011)  loss_labels: 0.000 (0.000)  loss_cardinality: 3.750 (4.381)  loss_height: 0.011 (0.011)  loss_x: 0.010 (0.011)  loss_y: 0.010 (0.012)  loss_c_s1: 2152.617 (2617.022)  corner_recall: 0.474 (0.460)  loss_roof_prior: 0.957 (0.961)  time: 0.9141  data: 0.0002  max mem: 24682
Epoch: [55]  [2400/6889]  eta: 1:02:25  lr: 0.000200  loss: 254.816 (259.582)  loss_e_s1: 30.756 (30.849)  loss_e_s2_hb: 20.974 (21.977)  loss_e_s2_rel: 21.148 (21.910)  edge_acc_s1: 0.552 (0.595)  edge_acc_s2_hb: 0.323 (0.349)  edge_acc_s2_rel: 0.337 (0.351)  loss_3dcenter: 0.012 (0.011)  loss_labels: 0.000 (0.000)  loss_cardinality: 4.000 (4.412)  loss_height: 0.012 (0.011)  loss_x: 0.011 (0.011)  loss_y: 0.011 (0.012)  loss_c_s1: 2429.598 (2622.873)  corner_recall: 0.471 (0.459)  loss_roof_prior: 0.964 (0.961)  time: 0.9161  data: 0.0002  max mem: 24682
Epoch: [55]  [2600/6889]  eta: 1:00:00  lr: 0.000200  loss: 258.224 (259.460)  loss_e_s1: 30.951 (30.900)  loss_e_s2_hb: 22.533 (21.992)  loss_e_s2_rel: 21.645 (21.920)  edge_acc_s1: 0.581 (0.594)  edge_acc_s2_hb: 0.335 (0.350)  edge_acc_s2_rel: 0.326 (0.352)  loss_3dcenter: 0.011 (0.011)  loss_labels: 0.000 (0.000)  loss_cardinality: 4.500 (4.413)  loss_height: 0.011 (0.011)  loss_x: 0.011 (0.011)  loss_y: 0.011 (0.012)  loss_c_s1: 2403.904 (2621.678)  corner_recall: 0.423 (0.459)  loss_roof_prior: 0.968 (0.961)  time: 0.9031  data: 0.0002  max mem: 24683
Epoch: [55]  [2800/6889]  eta: 0:57:34  lr: 0.000200  loss: 247.246 (259.577)  loss_e_s1: 30.910 (30.952)  loss_e_s2_hb: 21.495 (22.051)  loss_e_s2_rel: 20.964 (21.987)  edge_acc_s1: 0.576 (0.594)  edge_acc_s2_hb: 0.369 (0.350)  edge_acc_s2_rel: 0.341 (0.351)  loss_3dcenter: 0.011 (0.011)  loss_labels: 0.000 (0.000)  loss_cardinality: 3.750 (4.413)  loss_height: 0.011 (0.011)  loss_x: 0.011 (0.011)  loss_y: 0.011 (0.012)  loss_c_s1: 2459.925 (2622.126)  corner_recall: 0.466 (0.459)  loss_roof_prior: 0.955 (0.962)  time: 0.9216  data: 0.0003  max mem: 24685
Epoch: [55]  [3000/6889]  eta: 0:55:22  lr: 0.000200  loss: 257.411 (259.970)  loss_e_s1: 30.358 (31.048)  loss_e_s2_hb: 22.038 (22.068)  loss_e_s2_rel: 21.983 (22.009)  edge_acc_s1: 0.567 (0.593)  edge_acc_s2_hb: 0.324 (0.350)  edge_acc_s2_rel: 0.333 (0.351)  loss_3dcenter: 0.011 (0.011)  loss_labels: 0.000 (0.000)  loss_cardinality: 3.750 (4.419)  loss_height: 0.011 (0.011)  loss_x: 0.011 (0.011)  loss_y: 0.011 (0.012)  loss_c_s1: 2698.479 (2627.836)  corner_recall: 0.444 (0.459)  loss_roof_prior: 0.950 (0.961)  time: 1.0293  data: 0.0762  max mem: 24685
