Job ID: 6406
Node: geog-hpc-compute1
Project dir: /geogfs1/home/u3666068/BuildingWorld
Raw root: /geogfs1/groups/hkurs/u3666068mgh/Tallin
Processed root: /geogfs1/groups/hkurs/u3666068mgh/Tallin/bwformer_trainval_256
Resume checkpoint: /geogfs1/home/u3666068/BuildingWorld/checkpoints/checkpoint_best.pth
Output dir: /geogfs1/groups/hkurs/u3666068mgh/Tallin/checkpoints/tallinn_resume_from_best
Conda env: BWformer
torch 2.1.0+cu121
cuda 12.1
cuda_available True
gpu_count 1

[2/2] Resume BWFormer training
Resume epoch: 743
Extra epochs: 200
Target total epochs (--epochs): 944
Batch size: 1
Validation batch size: 1
Max corner num: 150
Corner limit: 128
Corner-to-edge multiplier: 2
Resume from ckpt file /geogfs1/home/u3666068/BuildingWorld/checkpoints/checkpoint_best.pth, starting from epoch 743
number of trainable backbone params: 23546752
number of trainable corner params: 9474050
number of trainable corner3d params: 15099576
number of trainable edge params: 13969160
number of all trainable params: 62089538
Start training
Epoch: [744]  [    0/27556]  eta: 13:37:04  lr: 0.000020  loss: 276.110 (276.110)  loss_e_s1: 16.215 (16.215)  loss_e_s2_hb: 6.359 (6.359)  loss_e_s2_rel: 3.728 (3.728)  edge_acc_s1: 0.817 (0.817)  edge_acc_s2_hb: 0.937 (0.937)  edge_acc_s2_rel: 0.987 (0.987)  loss_3dcenter: 0.009 (0.009)  loss_labels: 0.000 (0.000)  loss_cardinality: 3.000 (3.000)  loss_height: 0.009 (0.009)  loss_x: 0.007 (0.007)  loss_y: 0.010 (0.010)  loss_c_s1: 4454.144 (4454.144)  corner_recall: 0.571 (0.571)  time: 1.7791  data: 0.1473  max mem: 1669
Epoch: [744]  [   40/27556]  eta: 2:35:12  lr: 0.000020  loss: 91.854 (104.849)  loss_e_s1: 4.036 (5.991)  loss_e_s2_hb: 0.050 (1.259)  loss_e_s2_rel: 0.273 (1.541)  edge_acc_s1: 0.889 (0.876)  edge_acc_s2_hb: 1.000 (0.970)  edge_acc_s2_rel: 1.000 (0.961)  loss_3dcenter: 0.003 (0.004)  loss_labels: 0.000 (0.000)  loss_cardinality: 0.000 (0.780)  loss_height: 0.003 (0.004)  loss_x: 0.005 (0.006)  loss_y: 0.005 (0.006)  loss_c_s1: 1441.065 (1733.356)  corner_recall: 0.750 (0.714)  time: 0.3384  data: 0.0037  max mem: 1911
Epoch: [744]  [   80/27556]  eta: 2:25:49  lr: 0.000020  loss: 85.864 (99.198)  loss_e_s1: 3.410 (5.864)  loss_e_s2_hb: 0.015 (1.187)  loss_e_s2_rel: 0.073 (1.489)  edge_acc_s1: 0.909 (0.880)  edge_acc_s2_hb: 1.000 (0.972)  edge_acc_s2_rel: 1.000 (0.960)  loss_3dcenter: 0.003 (0.003)  loss_labels: 0.000 (0.000)  loss_cardinality: 0.000 (0.679)  loss_height: 0.003 (0.003)  loss_x: 0.005 (0.006)  loss_y: 0.005 (0.006)  loss_c_s1: 1368.063 (1629.924)  corner_recall: 0.750 (0.703)  time: 0.3185  data: 0.0019  max mem: 1951
Epoch: [744]  [  120/27556]  eta: 2:22:41  lr: 0.000020  loss: 74.217 (95.701)  loss_e_s1: 2.243 (5.425)  loss_e_s2_hb: 0.001 (1.071)  loss_e_s2_rel: 0.030 (1.233)  edge_acc_s1: 0.927 (0.888)  edge_acc_s2_hb: 1.000 (0.975)  edge_acc_s2_rel: 1.000 (0.966)  loss_3dcenter: 0.003 (0.003)  loss_labels: 0.000 (0.000)  loss_cardinality: 0.000 (0.711)  loss_height: 0.003 (0.003)  loss_x: 0.005 (0.006)  loss_y: 0.005 (0.006)  loss_c_s1: 1275.940 (1579.200)  corner_recall: 0.750 (0.713)  time: 0.3004  data: 0.0001  max mem: 1951
Epoch: [744]  [  160/27556]  eta: 2:20:39  lr: 0.000020  loss: 87.822 (105.599)  loss_e_s1: 3.252 (7.029)  loss_e_s2_hb: 0.008 (1.541)  loss_e_s2_rel: 0.088 (1.738)  edge_acc_s1: 0.917 (0.885)  edge_acc_s2_hb: 1.000 (0.971)  edge_acc_s2_rel: 1.000 (0.963)  loss_3dcenter: 0.003 (0.004)  loss_labels: 0.000 (0.000)  loss_cardinality: 0.000 (0.801)  loss_height: 0.003 (0.004)  loss_x: 0.005 (0.006)  loss_y: 0.005 (0.006)  loss_c_s1: 1406.088 (1699.275)  corner_recall: 0.750 (0.707)  time: 0.2971  data: 0.0001  max mem: 2684
Epoch: [744]  [  200/27556]  eta: 2:19:34  lr: 0.000020  loss: 98.888 (107.400)  loss_e_s1: 3.537 (6.937)  loss_e_s2_hb: 0.013 (1.506)  loss_e_s2_rel: 0.188 (1.806)  edge_acc_s1: 0.915 (0.881)  edge_acc_s2_hb: 1.000 (0.970)  edge_acc_s2_rel: 1.000 (0.959)  loss_3dcenter: 0.003 (0.004)  loss_labels: 0.000 (0.000)  loss_cardinality: 0.000 (0.866)  loss_height: 0.003 (0.004)  loss_x: 0.005 (0.007)  loss_y: 0.005 (0.006)  loss_c_s1: 1630.499 (1737.316)  corner_recall: 0.765 (0.710)  time: 0.2971  data: 0.0001  max mem: 2684
Epoch: [744]  [  240/27556]  eta: 2:18:42  lr: 0.000020  loss: 109.991 (110.229)  loss_e_s1: 4.020 (6.946)  loss_e_s2_hb: 0.023 (1.542)  loss_e_s2_rel: 0.212 (2.057)  edge_acc_s1: 0.915 (0.884)  edge_acc_s2_hb: 1.000 (0.968)  edge_acc_s2_rel: 1.000 (0.955)  loss_3dcenter: 0.003 (0.004)  loss_labels: 0.000 (0.000)  loss_cardinality: 1.000 (0.884)  loss_height: 0.003 (0.004)  loss_x: 0.005 (0.007)  loss_y: 0.005 (0.006)  loss_c_s1: 1747.366 (1786.011)  corner_recall: 0.833 (0.724)  time: 0.2975  data: 0.0001  max mem: 2684
Epoch: [744]  [  280/27556]  eta: 2:17:49  lr: 0.000020  loss: 100.292 (109.095)  loss_e_s1: 3.957 (6.850)  loss_e_s2_hb: 0.012 (1.509)  loss_e_s2_rel: 0.122 (2.099)  edge_acc_s1: 0.913 (0.883)  edge_acc_s2_hb: 1.000 (0.970)  edge_acc_s2_rel: 1.000 (0.954)  loss_3dcenter: 0.003 (0.004)  loss_labels: 0.000 (0.000)  loss_cardinality: 1.000 (0.918)  loss_height: 0.003 (0.004)  loss_x: 0.005 (0.007)  loss_y: 0.005 (0.006)  loss_c_s1: 1657.023 (1764.235)  corner_recall: 0.833 (0.725)  time: 0.2965  data: 0.0001  max mem: 2684
Epoch: [744]  [  320/27556]  eta: 2:17:09  lr: 0.000020  loss: 96.767 (109.792)  loss_e_s1: 3.397 (6.764)  loss_e_s2_hb: 0.009 (1.459)  loss_e_s2_rel: 0.122 (2.070)  edge_acc_s1: 0.923 (0.886)  edge_acc_s2_hb: 1.000 (0.971)  edge_acc_s2_rel: 1.000 (0.953)  loss_3dcenter: 0.003 (0.004)  loss_labels: 0.000 (0.000)  loss_cardinality: 0.000 (0.928)  loss_height: 0.003 (0.004)  loss_x: 0.005 (0.007)  loss_y: 0.005 (0.007)  loss_c_s1: 1601.546 (1775.701)  corner_recall: 0.846 (0.728)  time: 0.2952  data: 0.0001  max mem: 2684
Epoch: [744]  [  360/27556]  eta: 2:16:41  lr: 0.000020  loss: 96.155 (110.963)  loss_e_s1: 2.854 (6.854)  loss_e_s2_hb: 0.008 (1.555)  loss_e_s2_rel: 0.137 (2.135)  edge_acc_s1: 0.923 (0.885)  edge_acc_s2_hb: 1.000 (0.970)  edge_acc_s2_rel: 1.000 (0.952)  loss_3dcenter: 0.004 (0.004)  loss_labels: 0.000 (0.000)  loss_cardinality: 0.000 (0.947)  loss_height: 0.004 (0.004)  loss_x: 0.005 (0.007)  loss_y: 0.005 (0.007)  loss_c_s1: 1601.546 (1791.445)  corner_recall: 0.833 (0.730)  time: 0.2957  data: 0.0001  max mem: 2684
Epoch: [744]  [  400/27556]  eta: 2:16:12  lr: 0.000020  loss: 90.089 (109.750)  loss_e_s1: 1.701 (6.572)  loss_e_s2_hb: 0.005 (1.463)  loss_e_s2_rel: 0.099 (2.050)  edge_acc_s1: 0.966 (0.890)  edge_acc_s2_hb: 1.000 (0.971)  edge_acc_s2_rel: 1.000 (0.953)  loss_3dcenter: 0.004 (0.004)  loss_labels: 0.000 (0.000)  loss_cardinality: 0.000 (0.920)  loss_height: 0.004 (0.004)  loss_x: 0.005 (0.006)  loss_y: 0.005 (0.006)  loss_c_s1: 1521.967 (1776.539)  corner_recall: 0.833 (0.736)  time: 0.2958  data: 0.0001  max mem: 2684
Epoch: [744]  [  440/27556]  eta: 2:15:42  lr: 0.000020  loss: 91.603 (110.413)  loss_e_s1: 4.347 (6.799)  loss_e_s2_hb: 0.011 (1.474)  loss_e_s2_rel: 0.183 (2.139)  edge_acc_s1: 0.903 (0.884)  edge_acc_s2_hb: 1.000 (0.969)  edge_acc_s2_rel: 1.000 (0.946)  loss_3dcenter: 0.004 (0.004)  loss_labels: 0.000 (0.000)  loss_cardinality: 1.000 (0.930)  loss_height: 0.004 (0.004)  loss_x: 0.005 (0.007)  loss_y: 0.005 (0.006)  loss_c_s1: 1505.095 (1781.277)  corner_recall: 0.818 (0.735)  time: 0.2949  data: 0.0001  max mem: 2684
Epoch: [744]  [  480/27556]  eta: 2:15:16  lr: 0.000020  loss: 98.760 (111.773)  loss_e_s1: 4.347 (6.731)  loss_e_s2_hb: 0.009 (1.413)  loss_e_s2_rel: 0.162 (2.095)  edge_acc_s1: 0.906 (0.885)  edge_acc_s2_hb: 1.000 (0.970)  edge_acc_s2_rel: 1.000 (0.947)  loss_3dcenter: 0.004 (0.004)  loss_labels: 0.000 (0.000)  loss_cardinality: 1.000 (0.923)  loss_height: 0.004 (0.004)  loss_x: 0.005 (0.007)  loss_y: 0.005 (0.007)  loss_c_s1: 1608.142 (1813.715)  corner_recall: 0.824 (0.741)  time: 0.2940  data: 0.0001  max mem: 2684
Epoch: [744]  [  520/27556]  eta: 2:14:54  lr: 0.000020  loss: 103.754 (112.482)  loss_e_s1: 4.347 (6.761)  loss_e_s2_hb: 0.007 (1.515)  loss_e_s2_rel: 0.144 (2.115)  edge_acc_s1: 0.917 (0.886)  edge_acc_s2_hb: 1.000 (0.968)  edge_acc_s2_rel: 1.000 (0.947)  loss_3dcenter: 0.004 (0.004)  loss_labels: 0.000 (0.000)  loss_cardinality: 0.000 (0.906)  loss_height: 0.004 (0.004)  loss_x: 0.005 (0.007)  loss_y: 0.005 (0.007)  loss_c_s1: 1732.071 (1819.705)  corner_recall: 0.875 (0.745)  time: 0.2941  data: 0.0001  max mem: 2684
Epoch: [744]  [  560/27556]  eta: 2:14:36  lr: 0.000020  loss: 100.016 (112.384)  loss_e_s1: 3.419 (6.738)  loss_e_s2_hb: 0.003 (1.479)  loss_e_s2_rel: 0.065 (2.110)  edge_acc_s1: 0.935 (0.886)  edge_acc_s2_hb: 1.000 (0.968)  edge_acc_s2_rel: 1.000 (0.948)  loss_3dcenter: 0.004 (0.004)  loss_labels: 0.000 (0.000)  loss_cardinality: 0.000 (0.895)  loss_height: 0.004 (0.004)  loss_x: 0.005 (0.007)  loss_y: 0.005 (0.006)  loss_c_s1: 1584.065 (1820.575)  corner_recall: 0.900 (0.746)  time: 0.2952  data: 0.0001  max mem: 2684
Epoch: [744]  [  600/27556]  eta: 2:14:32  lr: 0.000020  loss: 96.970 (112.206)  loss_e_s1: 4.373 (6.733)  loss_e_s2_hb: 0.002 (1.501)  loss_e_s2_rel: 0.052 (2.141)  edge_acc_s1: 0.938 (0.888)  edge_acc_s2_hb: 1.000 (0.968)  edge_acc_s2_rel: 1.000 (0.948)  loss_3dcenter: 0.004 (0.004)  loss_labels: 0.000 (0.000)  loss_cardinality: 0.000 (0.915)  loss_height: 0.004 (0.004)  loss_x: 0.005 (0.007)  loss_y: 0.005 (0.006)  loss_c_s1: 1578.908 (1813.656)  corner_recall: 0.857 (0.746)  time: 0.2989  data: 0.0001  max mem: 2684
Epoch: [744]  [  640/27556]  eta: 2:14:08  lr: 0.000020  loss: 89.772 (111.742)  loss_e_s1: 2.211 (6.590)  loss_e_s2_hb: 0.001 (1.449)  loss_e_s2_rel: 0.006 (2.104)  edge_acc_s1: 0.955 (0.890)  edge_acc_s2_hb: 1.000 (0.970)  edge_acc_s2_rel: 1.000 (0.950)  loss_3dcenter: 0.003 (0.004)  loss_labels: 0.000 (0.000)  loss_cardinality: 0.000 (0.899)  loss_height: 0.003 (0.004)  loss_x: 0.005 (0.006)  loss_y: 0.005 (0.006)  loss_c_s1: 1500.689 (1811.709)  corner_recall: 0.833 (0.749)  time: 0.2979  data: 0.0001  max mem: 2684
Epoch: [744]  [  680/27556]  eta: 2:13:54  lr: 0.000020  loss: 92.396 (111.613)  loss_e_s1: 3.166 (6.717)  loss_e_s2_hb: 0.005 (1.481)  loss_e_s2_rel: 0.016 (2.157)  edge_acc_s1: 0.930 (0.887)  edge_acc_s2_hb: 1.000 (0.969)  edge_acc_s2_rel: 1.000 (0.949)  loss_3dcenter: 0.004 (0.004)  loss_labels: 0.000 (0.000)  loss_cardinality: 0.000 (0.931)  loss_height: 0.004 (0.004)  loss_x: 0.005 (0.007)  loss_y: 0.005 (0.007)  loss_c_s1: 1414.475 (1801.568)  corner_recall: 0.750 (0.743)  time: 0.2959  data: 0.0001  max mem: 2684
Epoch: [744]  [  720/27556]  eta: 2:13:30  lr: 0.000020  loss: 105.027 (112.309)  loss_e_s1: 5.382 (6.812)  loss_e_s2_hb: 0.006 (1.522)  loss_e_s2_rel: 0.048 (2.214)  edge_acc_s1: 0.913 (0.886)  edge_acc_s2_hb: 1.000 (0.968)  edge_acc_s2_rel: 1.000 (0.949)  loss_3dcenter: 0.004 (0.004)  loss_labels: 0.000 (0.000)  loss_cardinality: 1.000 (0.954)  loss_height: 0.004 (0.004)  loss_x: 0.005 (0.007)  loss_y: 0.006 (0.007)  loss_c_s1: 1466.047 (1808.543)  corner_recall: 0.667 (0.739)  time: 0.2935  data: 0.0001  max mem: 2684
Epoch: [744]  [  760/27556]  eta: 2:13:08  lr: 0.000020  loss: 101.596 (111.212)  loss_e_s1: 3.221 (6.694)  loss_e_s2_hb: 0.005 (1.483)  loss_e_s2_rel: 0.016 (2.165)  edge_acc_s1: 0.923 (0.888)  edge_acc_s2_hb: 1.000 (0.969)  edge_acc_s2_rel: 1.000 (0.950)  loss_3dcenter: 0.004 (0.004)  loss_labels: 0.000 (0.000)  loss_cardinality: 0.000 (0.946)  loss_height: 0.004 (0.004)  loss_x: 0.005 (0.007)  loss_y: 0.005 (0.006)  loss_c_s1: 1466.047 (1791.681)  corner_recall: 0.714 (0.738)  time: 0.2921  data: 0.0001  max mem: 2684
Epoch: [744]  [  800/27556]  eta: 2:12:52  lr: 0.000020  loss: 91.572 (111.047)  loss_e_s1: 3.014 (6.802)  loss_e_s2_hb: 0.001 (1.527)  loss_e_s2_rel: 0.018 (2.191)  edge_acc_s1: 0.921 (0.887)  edge_acc_s2_hb: 1.000 (0.968)  edge_acc_s2_rel: 1.000 (0.950)  loss_3dcenter: 0.003 (0.004)  loss_labels: 0.000 (0.000)  loss_cardinality: 0.000 (0.941)  loss_height: 0.003 (0.004)  loss_x: 0.005 (0.006)  loss_y: 0.005 (0.006)  loss_c_s1: 1456.823 (1784.333)  corner_recall: 0.800 (0.739)  time: 0.2926  data: 0.0001  max mem: 2684
Epoch: [744]  [  840/27556]  eta: 2:12:37  lr: 0.000020  loss: 83.061 (110.646)  loss_e_s1: 4.102 (6.887)  loss_e_s2_hb: 0.002 (1.542)  loss_e_s2_rel: 0.036 (2.202)  edge_acc_s1: 0.889 (0.886)  edge_acc_s2_hb: 1.000 (0.967)  edge_acc_s2_rel: 1.000 (0.949)  loss_3dcenter: 0.003 (0.004)  loss_labels: 0.000 (0.000)  loss_cardinality: 0.000 (0.951)  loss_height: 0.003 (0.004)  loss_x: 0.004 (0.006)  loss_y: 0.004 (0.006)  loss_c_s1: 1399.303 (1772.378)  corner_recall: 0.833 (0.740)  time: 0.2926  data: 0.0001  max mem: 2684
Epoch: [744]  [  880/27556]  eta: 2:12:23  lr: 0.000020  loss: 108.396 (111.792)  loss_e_s1: 5.151 (6.951)  loss_e_s2_hb: 0.011 (1.549)  loss_e_s2_rel: 0.275 (2.216)  edge_acc_s1: 0.886 (0.886)  edge_acc_s2_hb: 1.000 (0.966)  edge_acc_s2_rel: 1.000 (0.948)  loss_3dcenter: 0.003 (0.004)  loss_labels: 0.000 (0.000)  loss_cardinality: 0.000 (0.956)  loss_height: 0.003 (0.004)  loss_x: 0.004 (0.006)  loss_y: 0.005 (0.006)  loss_c_s1: 1593.858 (1789.186)  corner_recall: 0.833 (0.740)  time: 0.2957  data: 0.0001  max mem: 2684
Epoch: [744]  [  920/27556]  eta: 2:12:06  lr: 0.000020  loss: 103.721 (111.128)  loss_e_s1: 4.212 (6.890)  loss_e_s2_hb: 0.005 (1.542)  loss_e_s2_rel: 0.058 (2.197)  edge_acc_s1: 0.892 (0.886)  edge_acc_s2_hb: 1.000 (0.966)  edge_acc_s2_rel: 1.000 (0.948)  loss_3dcenter: 0.003 (0.004)  loss_labels: 0.000 (0.000)  loss_cardinality: 0.000 (0.953)  loss_height: 0.003 (0.004)  loss_x: 0.005 (0.006)  loss_y: 0.005 (0.006)  loss_c_s1: 1484.411 (1777.111)  corner_recall: 0.833 (0.741)  time: 0.2951  data: 0.0001  max mem: 2684
Epoch: [744]  [  960/27556]  eta: 2:11:59  lr: 0.000020  loss: 99.374 (110.478)  loss_e_s1: 3.436 (6.808)  loss_e_s2_hb: 0.000 (1.534)  loss_e_s2_rel: 0.014 (2.162)  edge_acc_s1: 0.909 (0.886)  edge_acc_s2_hb: 1.000 (0.966)  edge_acc_s2_rel: 1.000 (0.948)  loss_3dcenter: 0.003 (0.004)  loss_labels: 0.000 (0.000)  loss_cardinality: 0.000 (0.950)  loss_height: 0.003 (0.004)  loss_x: 0.005 (0.006)  loss_y: 0.005 (0.006)  loss_c_s1: 1407.146 (1769.481)  corner_recall: 0.840 (0.744)  time: 0.2972  data: 0.0001  max mem: 2684
Epoch: [744]  [ 1000/27556]  eta: 2:11:47  lr: 0.000020  loss: 97.357 (110.574)  loss_e_s1: 3.911 (6.873)  loss_e_s2_hb: 0.002 (1.522)  loss_e_s2_rel: 0.019 (2.136)  edge_acc_s1: 0.909 (0.886)  edge_acc_s2_hb: 1.000 (0.966)  edge_acc_s2_rel: 1.000 (0.948)  loss_3dcenter: 0.003 (0.004)  loss_labels: 0.000 (0.000)  loss_cardinality: 0.000 (0.957)  loss_height: 0.003 (0.004)  loss_x: 0.005 (0.006)  loss_y: 0.005 (0.006)  loss_c_s1: 1462.978 (1770.057)  corner_recall: 0.840 (0.742)  time: 0.2981  data: 0.0001  max mem: 2684
Epoch: [744]  [ 1040/27556]  eta: 2:11:32  lr: 0.000020  loss: 97.101 (110.043)  loss_e_s1: 4.098 (6.847)  loss_e_s2_hb: 0.009 (1.529)  loss_e_s2_rel: 0.088 (2.145)  edge_acc_s1: 0.909 (0.885)  edge_acc_s2_hb: 1.000 (0.966)  edge_acc_s2_rel: 1.000 (0.947)  loss_3dcenter: 0.004 (0.004)  loss_labels: 0.000 (0.000)  loss_cardinality: 0.000 (0.951)  loss_height: 0.004 (0.004)  loss_x: 0.005 (0.006)  loss_y: 0.005 (0.006)  loss_c_s1: 1451.085 (1761.429)  corner_recall: 0.778 (0.741)  time: 0.2961  data: 0.0001  max mem: 2684
Epoch: [744]  [ 1080/27556]  eta: 2:11:17  lr: 0.000020  loss: 92.021 (109.768)  loss_e_s1: 3.446 (6.797)  loss_e_s2_hb: 0.007 (1.522)  loss_e_s2_rel: 0.117 (2.148)  edge_acc_s1: 0.941 (0.887)  edge_acc_s2_hb: 1.000 (0.966)  edge_acc_s2_rel: 1.000 (0.948)  loss_3dcenter: 0.003 (0.004)  loss_labels: 0.000 (0.000)  loss_cardinality: 0.000 (0.945)  loss_height: 0.003 (0.004)  loss_x: 0.004 (0.006)  loss_y: 0.004 (0.006)  loss_c_s1: 1368.976 (1757.968)  corner_recall: 0.833 (0.742)  time: 0.2949  data: 0.0001  max mem: 2684
Epoch: [744]  [ 1120/27556]  eta: 2:11:04  lr: 0.000020  loss: 75.473 (109.188)  loss_e_s1: 1.320 (6.706)  loss_e_s2_hb: 0.000 (1.520)  loss_e_s2_rel: 0.012 (2.129)  edge_acc_s1: 0.966 (0.887)  edge_acc_s2_hb: 1.000 (0.965)  edge_acc_s2_rel: 1.000 (0.947)  loss_3dcenter: 0.003 (0.004)  loss_labels: 0.000 (0.000)  loss_cardinality: 0.000 (0.952)  loss_height: 0.003 (0.004)  loss_x: 0.004 (0.006)  loss_y: 0.004 (0.006)  loss_c_s1: 1220.945 (1749.701)  corner_recall: 0.900 (0.745)  time: 0.2956  data: 0.0001  max mem: 2684
Epoch: [744]  [ 1160/27556]  eta: 2:10:49  lr: 0.000020  loss: 76.450 (109.259)  loss_e_s1: 2.034 (6.673)  loss_e_s2_hb: 0.002 (1.495)  loss_e_s2_rel: 0.021 (2.103)  edge_acc_s1: 0.929 (0.888)  edge_acc_s2_hb: 1.000 (0.965)  edge_acc_s2_rel: 1.000 (0.947)  loss_3dcenter: 0.003 (0.004)  loss_labels: 0.000 (0.000)  loss_cardinality: 0.000 (0.943)  loss_height: 0.003 (0.004)  loss_x: 0.004 (0.006)  loss_y: 0.004 (0.006)  loss_c_s1: 1340.694 (1754.547)  corner_recall: 0.900 (0.747)  time: 0.2951  data: 0.0001  max mem: 2684
Epoch: [744]  [ 1200/27556]  eta: 2:10:34  lr: 0.000020  loss: 94.837 (109.884)  loss_e_s1: 1.782 (6.676)  loss_e_s2_hb: 0.002 (1.493)  loss_e_s2_rel: 0.022 (2.090)  edge_acc_s1: 0.909 (0.888)  edge_acc_s2_hb: 1.000 (0.966)  edge_acc_s2_rel: 1.000 (0.948)  loss_3dcenter: 0.003 (0.004)  loss_labels: 0.000 (0.000)  loss_cardinality: 0.000 (0.945)  loss_height: 0.003 (0.004)  loss_x: 0.004 (0.006)  loss_y: 0.004 (0.006)  loss_c_s1: 1613.174 (1765.351)  corner_recall: 0.917 (0.750)  time: 0.2945  data: 0.0001  max mem: 2684
